C51 COMPILER V9.60.7.0   BUTTONS                                                           09/08/2025 19:15:10 PAGE 1   


C51 COMPILER V9.60.7.0, COMPILATION OF MODULE BUTTONS
OBJECT MODULE PLACED IN .\Objects\buttons.obj
COMPILER INVOKED BY: E:\Keil\C51\BIN\C51.EXE buttons.c COMPACT OPTIMIZE(8,SPEED) BROWSE INCDIR(C:\Program Files\Keil_v5\
                    -C51\INC) DEBUG OBJECTEXTEND PRINT(.\Listings\buttons.lst) TABS(2) OBJECT(.\Objects\buttons.obj)

line level    source

   1          #include "buttons.h"
*** ERROR C141 IN LINE 21 OF utils.h: syntax error near ',', expected '<id>'
   2          
   3          /* 低电平有效；简单边沿检测 + 20ms 消抖 */
   4          static bit was_low(u8 pin_val)
   5          {
   6   1          return (pin_val == 0);
   7   1      }
   8          
   9          void Buttons_Init(void)
  10          {
  11   1          /* 8051 P1 默认准双向上拉，外部按键接地即可。此处无特别配置。 */
  12   1      }
  13          
  14          /* 为避免传递 sbit，分别实现两个函数 */
  15          bit Button_WasPressed_LU(void)
  16          {
  17   1          static bit last = 1; /* 上次稳定状态（高=未按） */
  18   1          bit now = BTN_LU;
  19   1          if (last && !now)
  20   1          {
  21   2              delay_ms(20);
  22   2              if (BTN_LU == 0) { last = 0; return 1; }
  23   2          }
  24   1          if (!now) last = 0;
  25   1          else last = 1;
  26   1          return 0;
  27   1      }
  28          
  29          bit Button_WasPressed_LD(void)
  30          {
  31   1          static bit last = 1;
  32   1          bit now = BTN_LD;
  33   1          if (last && !now)
  34   1          {
  35   2              delay_ms(20);
  36   2              if (BTN_LD == 0) { last = 0; return 1; }
  37   2          }
  38   1          if (!now) last = 0;
  39   1          else last = 1;
  40   1          return 0;
  41   1      }

C51 COMPILATION COMPLETE.  0 WARNING(S),  1 ERROR(S)
