C51 COMPILER V9.60.7.0   I2C                                                               09/07/2025 15:18:35 PAGE 1   


C51 COMPILER V9.60.7.0, COMPILATION OF MODULE I2C
OBJECT MODULE PLACED IN .\Objects\I2C.obj
COMPILER INVOKED BY: E:\Keil\C51\BIN\C51.EXE I2C.c OPTIMIZE(8,SPEED) BROWSE DEBUG OBJECTEXTEND PRINT(.\Listings\I2C.lst)
                    - TABS(2) OBJECT(.\Objects\I2C.obj)

line level    source

   1          #include "I2C.h"
   2           
   3          // 单片机比较慢无需 delay，这个就是按照时序图来的，按图来就行
   4          /**
   5            * @brief  I2C 开始
   6            * @param  无
   7            * @retval 无
   8            */
   9          void I2C_Start(void)
  10          {
  11   1        // 可以理解为初始化，确保一定为高电平
  12   1        I2C_SDA = 1;
  13   1        I2C_SCL = 1;
  14   1        // 按照时序图可得，先 SDA 为 0，再 SCL 为 0
  15   1        I2C_SDA = 0;
  16   1        I2C_SCL = 0;
  17   1      }
  18           
  19          /**
  20            * @brief  I2C 停止
  21            * @param  无
  22            * @retval 无
  23            */
  24          void I2C_Stop(void)
  25          {
  26   1        I2C_SDA = 0;
  27   1        I2C_SCL = 1;
  28   1        I2C_SDA = 1;
  29   1      }
  30           
  31          /**
  32            * @brief  I2C 发送一个字节
  33            * @param  Byte 要发送的字节
  34            * @retval 无
  35            */
  36          void I2C_SendByte(unsigned char Byte)
  37          {
  38   1        unsigned char i;
  39   1        for(i = 0; i < 8; i++){
  40   2          I2C_SDA = Byte & (0x80 >> i);
  41   2          I2C_SCL = 1;
  42   2          I2C_SCL = 0;
  43   2        }
  44   1      }
  45           
  46          /**
  47            * @brief  I2C 接收一个字节
  48            * @param  无
  49            * @retval 接收到的一个字节数据
  50            */
  51          unsigned char I2C_ReceiveByte(void)
  52          {
  53   1        unsigned char i, byte = 0x00;
  54   1        // 释放 SDA
C51 COMPILER V9.60.7.0   I2C                                                               09/07/2025 15:18:35 PAGE 2   

  55   1        I2C_SDA = 1;
  56   1        for(i = 0; i < 8; i++)
  57   1        {
  58   2          I2C_SCL = 1;
  59   2          byte = (I2C_SDA)? (byte | (0x80 >> i)): byte;
  60   2          I2C_SCL = 0;
  61   2        }
  62   1        return byte;
  63   1      }
  64           
  65          /**
  66            * @brief  I2C 发送应答
  67            * @param  AckBit 应答位，0 为应答，1 为非应答
  68            * @retval 无
  69            */
  70          void I2C_SendAck(unsigned char AckBit)
  71          {
  72   1        I2C_SDA = AckBit;
  73   1        I2C_SCL = 1;
  74   1        I2C_SCL = 0;
  75   1      }
  76           
  77          /**
  78            * @brief  I2C 接收应答位
  79            * @param  无
  80            * @retval 接收到的应答位，0 为应答，1 为非应答
  81            */
  82          unsigned char I2C_ReceiveAck(void)
  83          {
  84   1        unsigned char AckBit;
  85   1        // 释放 SDA
  86   1        I2C_SDA = 1;
  87   1        I2C_SCL = 1;
  88   1        AckBit = I2C_SDA;
  89   1        I2C_SCL = 0;
  90   1        return AckBit;
  91   1      }


MODULE INFORMATION:   STATIC OVERLAYABLE
   CODE SIZE        =    127    ----
   CONSTANT SIZE    =   ----    ----
   XDATA SIZE       =   ----    ----
   PDATA SIZE       =   ----    ----
   DATA SIZE        =   ----    ----
   IDATA SIZE       =   ----    ----
   BIT SIZE         =   ----    ----
END OF MODULE INFORMATION.


C51 COMPILATION COMPLETE.  0 WARNING(S),  0 ERROR(S)
