C51 COMPILER V9.60.7.0   MENU                                                              08/29/2025 17:38:20 PAGE 1   


C51 COMPILER V9.60.7.0, COMPILATION OF MODULE MENU
OBJECT MODULE PLACED IN .\Objects\menu.obj
COMPILER INVOKED BY: E:\Keil\C51\BIN\C51.EXE menu.c COMPACT OPTIMIZE(8,SPEED) BROWSE INCDIR(C:\Program Files\Keil_v5\C51
                    -\INC) DEBUG OBJECTEXTEND PRINT(.\Listings\menu.lst) TABS(2) OBJECT(.\Objects\menu.obj)

line level    source

   1          #include "menu.h"
   2          
   3          void display_list(u8 *title, u8 list[5][16], u32 length, u32 pos, SELECT select)
   4          {
   5   1        u32 i, page_pos = 0;
   6   1          OLED_ShowString((120 - strlen(title) * 8) / 2, 0, title);
   7   1        page_pos = (pos > 2)? (pos - 2): 0;
   8   1          if (!page_pos)
   9   1          {
  10   2              for (i = 0; i < MIN(length, 3); i++)
  11   2              {
  12   3            if (select == YES)
  13   3            {
  14   4              if (i == pos)
  15   4              {
  16   5                OLED_ShowString(0, 2 * i + 2, "*");
  17   5              }
  18   4              else
  19   4              {
  20   5                OLED_ShowString(0, 2 * i + 2, " ");
  21   5              }
  22   4              OLED_ShowString(10, 2 * i + 2, list[i]);
  23   4            }
  24   3            else
  25   3            {
  26   4              OLED_ShowString(0, 2 * i + 2, list[i]);
  27   4            }
  28   3              }
  29   2          }
  30   1        else
  31   1        {
  32   2          for (i = page_pos; i <= pos; i++)
  33   2          {
  34   3            OLED_ShowString(0, 2, " ");
  35   3            OLED_ShowString(0, 4, " ");
  36   3            OLED_ShowString(0, 6, "*");
  37   3            OLED_ShowString(10, 2 * (i - page_pos) + 2, list[i]);
  38   3          }
  39   2        }
  40   1        if (select == YES && length - page_pos > 3)
  41   1        {
  42   2          OLED_ShowChar(120, 6, 127);
  43   2        }
  44   1        else
  45   1        {
  46   2          OLED_ShowString(120, 6, " ");
  47   2        }
  48   1      }


MODULE INFORMATION:   STATIC OVERLAYABLE
   CODE SIZE        =    486    ----
   CONSTANT SIZE    =      4    ----
   XDATA SIZE       =   ----    ----
C51 COMPILER V9.60.7.0   MENU                                                              08/29/2025 17:38:20 PAGE 2   

   PDATA SIZE       =   ----      15
   DATA SIZE        =   ----    ----
   IDATA SIZE       =   ----    ----
   BIT SIZE         =   ----    ----
END OF MODULE INFORMATION.


C51 COMPILATION COMPLETE.  0 WARNING(S),  0 ERROR(S)
