C51 COMPILER V9.60.7.0   UTILS                                                             08/29/2025 17:38:20 PAGE 1   


C51 COMPILER V9.60.7.0, COMPILATION OF MODULE UTILS
OBJECT MODULE PLACED IN .\Objects\utils.obj
COMPILER INVOKED BY: E:\Keil\C51\BIN\C51.EXE utils.c COMPACT OPTIMIZE(8,SPEED) BROWSE INCDIR(C:\Program Files\Keil_v5\C5
                    -1\INC) DEBUG OBJECTEXTEND PRINT(.\Listings\utils.lst) TABS(2) OBJECT(.\Objects\utils.obj)

line level    source

   1          #include "utils.h"
   2          
   3          void delay_ms(u32 ms)
   4          {
   5   1        u32 i, j;
   6   1        for (i = ms; i > 0; i--)
   7   1          for (j = 114; j > 0; j--);
   8   1      }
   9          
  10          u8 check_sw3()
  11          {
  12   1        if (!BTN_SW3)
  13   1        {
  14   2          delay_ms(1);
  15   2          return (BTN_SW3)? 0: 1;
  16   2        }
  17   1        return 0;
  18   1      }
  19          
  20          u8 check_lu()
  21          {
  22   1        if (!BTN_LU)
  23   1        {
  24   2          delay_ms(1);
  25   2          return (BTN_LU)? 0: 1;
  26   2        }
  27   1        return 0;
  28   1      }
  29          
  30          u8 check_ld()
  31          {
  32   1        if (!BTN_LD)
  33   1        {
  34   2          delay_ms(1);
  35   2          return (BTN_LD)? 0: 1;
  36   2        }
  37   1        return 0;
  38   1      }
  39          
  40          u8 check_ru()
  41          {
  42   1        if (!BTN_RU)
  43   1        {
  44   2          delay_ms(1);
  45   2          return (BTN_RU)? 0: 1;
  46   2        }
  47   1        return 0;
  48   1      }
  49          
  50          u8 check_rd()
  51          {
  52   1        if (!BTN_RD)
  53   1        {
  54   2          delay_ms(1);
C51 COMPILER V9.60.7.0   UTILS                                                             08/29/2025 17:38:20 PAGE 2   

  55   2          return (BTN_RD)? 0: 1;
  56   2        }
  57   1        return 0;
  58   1      }


MODULE INFORMATION:   STATIC OVERLAYABLE
   CODE SIZE        =    124    ----
   CONSTANT SIZE    =   ----    ----
   XDATA SIZE       =   ----    ----
   PDATA SIZE       =   ----    ----
   DATA SIZE        =   ----    ----
   IDATA SIZE       =   ----    ----
   BIT SIZE         =   ----    ----
END OF MODULE INFORMATION.


C51 COMPILATION COMPLETE.  0 WARNING(S),  0 ERROR(S)
